TN:
SF:pylot/__init__.py
DA:1,1,1B2M2Y8AsgTpgAmY7PhCfg
LF:0
LH:1
end_of_record
TN:
SF:pylot/cumulus_api/__init__.py
DA:1,1,Kun7kn+HuOTQG0tL+7207Q
LF:1
LH:1
end_of_record
TN:
SF:pylot/cumulus_api/aws_services.py
DA:1,1,7HpIEQVf5K0efdTzo05mJg
DA:2,1,QSrBaGujxtRFV19yo08h4g
DA:3,1,l3nhicvq6q+R3WkfKdsNMw
DA:5,1,CT9XrugR0VmgtyLiirko8A
DA:6,1,SOtcbhVueRZVs3zlpFh1uA
DA:7,1,ySJL1hcpB/la7blKeSRndQ
DA:8,1,8q4X5TSX0dssfKcoUTrSGQ
DA:10,1,mHdZKLuZrY3JDPOeQHLV4Q
DA:11,1,W5OI/kruOJQ1kqYJHRyHxQ
DA:14,1,KxgaGtJPkScc4OG7mJ59vg
DA:15,1,T6bF65svdVBCRwhoYpubnQ
DA:16,1,Qh2LMGbVw0wfN0KyBrCDFw
DA:18,1,KxgaGtJPkScc4OG7mJ59vg
DA:19,1,Lk5uyk/5LG70CXjaGb5c7Q
DA:20,1,Ax0bDk8w+W3+Zo/pp63djg
LF:15
LH:15
end_of_record
TN:
SF:pylot/cumulus_api/cumulus_token.py
DA:2,1,p7hNY1S5rX9QtYADf+cK4g
DA:3,1,EZEzNmL93PY96zsSuI0PfQ
DA:4,1,NrWtYG+aYnoJb0xl9lRtxw
DA:5,1,KhtGXfuSccwVaeSaKYJAxA
DA:6,1,VToO1BhUXyMlqYkbSkmR5Q
DA:7,1,ZJePafqdE1wQOZ+p0YpQjQ
DA:10,1,+BHcrXOmXDP7zumZqt/xHA
DA:15,1,9+inPVvRurSjg9dxVgfBZw
DA:16,1,jkHhMsABSAn8fG2ZAQpm1g
DA:17,1,y1DcBD+yjtUhdttKxYOBuQ
DA:20,1,cmPYqRdb4ocfccYiC0cSow
DA:21,1,mII/0BmfnMkXwgE3cjW2xg
DA:27,1,mJBza0Kefu5wncQCmgj5rg
DA:28,1,WshwZfvpAgoSMg/OFG0PqA
DA:29,1,JqfpeKn+WFO1nS111ItwvA
DA:30,1,8V0MO+m7YFMOxM2+WrBXfQ
DA:31,1,A7+lMb8Jl0YeV+UMhVb1VA
DA:32,1,i5WWJHkPSpWvwRULIFwkjA
DA:34,1,cIpab9eJqXzTethO98kwdQ
DA:40,1,EwNVAw7Kr1Cc+9BuTvIElg
DA:41,1,J6WrHWXdGq3KNkOCBkAtbA
DA:44,1,TQqELkg3zRy3i4JXoUvD9Q
DA:51,1,gCkocOpvDa/jfTjJS52LNQ
DA:52,1,wu/ZWyNnoih8qB/Gvm4IGQ
DA:53,1,T9kn/PZZEFIU2/gxKXmIbw
DA:54,1,ao5eeOq11WfXP59pYytF+Q
DA:55,1,VVRRW20IMP9raleKXV7yWg
DA:57,1,dSr4sadUojPT65DKsAY4yw
DA:61,1,KxgaGtJPkScc4OG7mJ59vg
DA:62,1,4VWNv3bHqCLYlgbR+2lAOw
DA:69,1,ppt08/5IARNu61U3AgBrrA
DA:70,1,Lbmz7cSL5cJmp42vFZILVQ
DA:71,1,jcKQqdz4kkLEum893le1kA
DA:73,1,lRw5KJlA+qZfIimeV+57dQ
DA:80,1,wzKCXMCdX4SUvP35jkFr6g
DA:81,1,UEUjtyqadnzkU2RcuBzqRw
DA:83,1,n0ZZJQRjRx92T4vBS9A2lA
DA:98,1,NSljLm8E3QQ9ydFRSZRUtg
DA:113,1,+sjPXukPM8Cvz6YCXTxGzg
DA:143,1,ZIw9uDuysD8UDFPU7CJPrQ
DA:91,0,SDzUMsPbv4FE+ozbH3tJ2A
DA:92,0,A+uh/gkqiUpDv+PXIOAZWw
DA:93,0,qjVbj3+EbU196Tmp0c3TYg
DA:94,0,ZLDKtBAc6MzLMAvhX2m85A
DA:95,0,hyyeFFR8/RWHNKSfLPhsiw
DA:96,0,jcKQqdz4kkLEum893le1kA
DA:106,0,S7vZEhLCBK6mCT2BBrcw8Q
DA:107,0,yPQ56IaPAR6afi6l0uNzRA
DA:108,0,tOCVIy71uaVXlDsMPL1/UA
DA:110,0,ywYEEWa2U2b2Vkuesk23Ww
DA:111,0,3MT56qpXDlai/RBPa0jO2w
DA:118,0,IAo6EBglET2P2I/u2t5ULQ
DA:119,0,xjcDBnSwra0OiNOAYAwoHA
DA:120,0,I3H8JlxfG2Lf09eyJ1o7Rg
DA:121,0,WSsGBVm/8LdCljqxJ0gqHw
DA:122,0,2SuqVg+4qe1j2iYU78ONYQ
DA:123,0,7YwRFq56Ecakyt5T5rVZcw
DA:127,0,cYc68P+jmBCEEEfzbSVLKw
DA:128,0,t5twec4CES/u2j3hR5ufFw
DA:131,0,JltspXqmxtXvqTwSgwCgDA
DA:137,0,fQebkhi8zTg1itYCz3j2BQ
DA:138,0,3UXmifni+np795HtR5HAtQ
DA:139,0,MIKpgMYmmTEzRudU+P/Zng
DA:140,0,buSqUwyr74mvqQRGmwSxHQ
DA:141,0,s+ViSh3/uKVD7n3MO3uD5Q
DA:148,0,1k7B16retT1WTM+42c8ivQ
DA:149,0,xjcDBnSwra0OiNOAYAwoHA
DA:150,0,Lx4GIKOAE/Hx2LWS2TyQOw
DA:151,0,axhpBAJXJA7Cil9pyixheg
DA:152,0,8cwCneIwRwtcH/7UoeWq7Q
DA:153,0,hGAPdqJ8+Oddph2/gSvdYg
DA:154,0,zustrMFGoUvlg0WlxUWVzg
DA:155,0,45XT5+AIvpvlCnwViTyIEw
DA:156,0,eVsSfTdgi3BxDKPSh0KljQ
DA:157,0,WxHbv6qmQoNQCDc8VLtJDg
DA:158,0,buSqUwyr74mvqQRGmwSxHQ
DA:159,0,s+ViSh3/uKVD7n3MO3uD5Q
LF:77
LH:40
end_of_record
TN:
SF:pylot/cumulus_api/main.py
DA:1,1,EZEzNmL93PY96zsSuI0PfQ
DA:2,1,l3nhicvq6q+R3WkfKdsNMw
DA:3,1,7Z9Lj4ed27Wf2hBX6jooEA
DA:4,1,NrWtYG+aYnoJb0xl9lRtxw
DA:5,1,/RAumCHSGfmF7uPT7l4c6w
DA:6,1,Vrj3Xkn0IynkTvfvIRIu1Q
DA:7,1,jkHhMsABSAn8fG2ZAQpm1g
DA:8,1,4ZA60xyEV2zFImaYtMJ/tw
DA:12,1,4aO0YqnT4x+YvpsIuxd1Bw
DA:13,1,+MPIBkOc/C9QUr2V1d+EMQ
DA:36,1,kqlXO7ef0b8DmPmJywWlhg
DA:63,1,vE7HfLTzpLHgz60mGCkBKQ
DA:71,1,1CGm9h0e80hJfo1x48CAng
DA:85,1,DCRbuUB2wtvtzd99mbNQKw
DA:97,1,Tz/cDzYmyGftFvC4KG1BlQ
DA:106,1,tcT8g4cxEXw2FphKJOzboQ
DA:116,1,KJwtVLtQ2Ohi/Ka0YHcDpA
DA:125,1,L3Mhrfhfh0ibumYUUcx0MQ
DA:134,1,d0KOHxhvdFGp89B2xeT1CQ
DA:145,1,oxSAkB6IUE14u0DgZ00xTQ
DA:153,1,BzxgKAY/CyGY81EoCKp4cg
DA:161,1,KMMwWOsMSuJJA1f+BrK8tQ
DA:172,1,niRsDtGCKv1rFZ37WyAAXQ
DA:181,1,ntLEo0gqimd9XM2iDZw3aQ
DA:191,1,l+sPLapRvsYrgXfETQxEww
DA:204,1,C7Li3yuPBU4Ah+x3zqQ9nA
DA:213,1,KLkK92OtPtHtjmNej4HUUQ
DA:223,1,0dZkFcbS4kBA+ZjacJB21g
DA:231,1,iTcWxgQ5KELhpiKPFxp2GA
DA:239,1,KJpMT17hEV6QFgEGRzr3cg
DA:247,1,N/bNaX7HwvGFcgbs8TUgIA
DA:261,1,SQFAwbPHVmlOzuU/MvvHKQ
DA:271,1,zZfT2YCSbOqlbvj412ye5g
DA:286,1,MJ0aKj9+S1Ll5mSvB1oZDw
DA:296,1,ApFeReLb5Uq5g6dkR93Dig
DA:305,1,5+DY15PkBas34xOfc/Gb3w
DA:314,1,510RJwsDpYqDuJXcL7BduQ
DA:322,1,2xz7iitQLBqNc1COFqjoKg
DA:332,1,LK8cAAoOJ0b6YwKoxIowMA
DA:340,1,7w2DaGEnWE8/2vq9peqlzw
DA:350,1,ixZBPyB99hSDG7NbXge49Q
DA:360,1,aZ3psCwoa4FlNeByPudamA
DA:368,1,6vC4nTHkH2aCjDqmQg8UKw
DA:378,1,ROglObtTkGBOBBgAUZQiXw
DA:387,1,ojALih/Z1qaclv8UckzhuA
DA:397,1,v3jFdjwIx4BpBQ6Es9De0A
DA:406,1,2yR2C+hT9eE64NRxyjAmmQ
DA:418,1,ya0fMYWdttMUT7CeCPXAJA
DA:426,1,4z38nHH/l+b8HdbRGfmAqQ
DA:437,1,ybIPInsUfQ/zUPFsWIxSQQ
DA:447,1,re6a4XXcC4z8ZfqzXxUEww
DA:459,1,RtSKacWsS5L0S2fRN7mURA
DA:469,1,1lvFrRd+LM3p4CScGuSquQ
DA:477,1,VIj5RZVl2jwY0rRzD5nMow
DA:487,1,rSymYlis4R4NHnenMBJrOQ
DA:495,1,/RmxgxsRhR59tvZjoS91rw
DA:503,1,vURykm3XF95tslDyi5EcLA
DA:511,1,lJIUVVhePqt+rz9+1ih2uw
DA:519,1,mPbvZLFMZuXz4OSDjdX8Cw
DA:527,1,sqf/hay5+KqzPN4nzZmmCg
DA:537,1,CmUgZ22pHPMnsM3CG1g1qw
DA:546,1,2ukRdnBeYtqDEg7rIYI5oQ
DA:557,1,zOwVvJMsh7A8A++O9qHgyA
DA:565,1,s+BeCOv6MzaUV/cAEh39nw
DA:577,1,QpZWNzUcDKfMtJ1xOFMFbA
DA:587,1,ILooRsnhZyhEY5kA3o8m7g
DA:597,1,joH6YNSYNdoEV+hZNg6s7w
DA:605,1,fDu8KUrgtwB1WZmOdBgohQ
DA:615,1,NojW8y6OXWSXcdpOiPCmLA
DA:623,1,D1oH4/mbTJFc3mnuxHl8tA
DA:633,1,r7EoSCVuK89lQaVukwGvqQ
DA:643,1,XcpkIf55qgQo6r9TSA5yFQ
DA:651,1,USQBXMn4zWElw3fAyccXOQ
DA:659,1,qsi04aEFY/ZUWxm3y+cy1g
DA:667,1,QUrnW18gHlN61GxJi15Czw
DA:675,1,MzaJvPpJd6TiB2vnFurWaw
DA:683,1,YtRfzHneGCSmj/7B9+vvKA
DA:693,1,OStgQzgYd8MGmDjOQlWgnw
DA:703,1,DqFL/I2Tam7Bk0Jmw7oU5A
DA:713,1,QHfA+C/GqGH/8T72Xz6PcQ
DA:723,1,gf3B1cRhAN3TSaGcDyHpjA
DA:741,1,xQVNdxAJxuGw1z9RcZmDQw
DA:20,0,I8vVd8f2WsjkXS29EzLNOg
DA:21,0,dTkOJRcwLcsgusfKecUT6A
DA:22,0,EX/jbGFz6KJ7B4O1+qo0EQ
DA:23,0,Q0R6/TAaXD93Vo/e6K9/qw
DA:24,0,jv/XdLeVbo2w73lyqETxdQ
DA:26,0,qX7tGJPi663at0wmqv3H6w
DA:27,0,kd6UQtAe9kM1SAGKveDdWw
DA:28,0,h0WNp0iywzop0V7lSiWTvw
DA:29,0,Jl3okwpYIpNU0dbvokyAMQ
DA:30,0,mJBza0Kefu5wncQCmgj5rg
DA:31,0,LjyNZcCn1S5K0mKCuRMi2g
DA:32,0,Xju8OvCb5pXyuOoz57laJA
DA:33,0,N9KlXUZIEKTmqTwGtAFVTQ
DA:34,0,V9P4ETHQtyjoTOc9lLlADg
DA:43,0,LpIxEcUCng5hn9eg/KyqDw
DA:44,0,52dc4SCQBLmrcl54Xm4C3A
DA:45,0,7oXzJf+mxzTecxPQlEPjGA
DA:46,0,Ybs6frvNobBo9Vn0bvnvmw
DA:47,0,8RANWT7JrvX5wdDI9aMuXQ
DA:48,0,q6IfhfwQp7QaBIeblR+XxQ
DA:49,0,w7F22dnc7SMOnfAnCO+Ttw
DA:50,0,5BH/4e8udQXIqsPW6JLH1A
DA:51,0,GFqPjy26faN5jjpIANlzTw
DA:52,0,7EIyBg5OiXtx8mO1gM2cgQ
DA:53,0,OvVqFWYy6eBIuZQFnh811g
DA:54,0,sH2pUnc/LJF/o6h0UxuVMw
DA:55,0,xjcDBnSwra0OiNOAYAwoHA
DA:56,0,XmJpQl3CtuSg0v7NUvFcbQ
DA:57,0,lhfubDaN6OCOnWoCQGmL4A
DA:59,0,ItJ+OX4eWlWBXGesgg0Orw
DA:60,0,JExrqCD/a8667WXGG9HewQ
DA:68,0,0A02+ECnOnJfgHaA1HHKUA
DA:79,0,L+2NP82a8hQhWOkdM70adw
DA:80,0,V9P4ETHQtyjoTOc9lLlADg
DA:83,0,eJ6zrxnLWn/k18a2vHOhRA
DA:91,0,ENRiOOU62imOzVW2Zxchtg
DA:92,0,Y4Icm/CPd5dNnM3qvP7GFg
DA:93,0,0r4ngbU1dLx4oHUCCPVihw
DA:103,0,YhnUFuutDNwxxymPj1f+oA
DA:104,0,a+V0ZTe0EwdcmVgNjKqMTg
DA:113,0,h/8H0BMd1CnGlJKRj9MEqg
DA:114,0,a+V0ZTe0EwdcmVgNjKqMTg
DA:122,0,YhnUFuutDNwxxymPj1f+oA
DA:123,0,2tG6Y9ALnkeQLTU2JDnrUQ
DA:131,0,NgrIajZG56cBpzOBquFuPQ
DA:132,0,3koorZl0RY2WhFluvLIj8g
DA:140,0,h/8H0BMd1CnGlJKRj9MEqg
DA:141,0,0r4ngbU1dLx4oHUCCPVihw
DA:150,0,BT9m8ypLfL7bm7zqC1ARAA
DA:151,0,a+V0ZTe0EwdcmVgNjKqMTg
DA:158,0,ro6MNLhE3C3p03fUUR2pIQ
DA:159,0,a+V0ZTe0EwdcmVgNjKqMTg
DA:169,0,v+7hYpCyzaBrnVhckiymuQ
DA:170,0,a+V0ZTe0EwdcmVgNjKqMTg
DA:178,0,BT9m8ypLfL7bm7zqC1ARAA
DA:179,0,2tG6Y9ALnkeQLTU2JDnrUQ
DA:188,0,kUZlxTEttJW3FAUaakEiiw
DA:189,0,3koorZl0RY2WhFluvLIj8g
DA:199,0,v+7hYpCyzaBrnVhckiymuQ
DA:200,0,0r4ngbU1dLx4oHUCCPVihw
DA:210,0,6P/tE7zlVVJ/wTquRkFOyQ
DA:211,0,a+V0ZTe0EwdcmVgNjKqMTg
DA:220,0,mpfwhKGrnM5HbL2LlpExkg
DA:221,0,a+V0ZTe0EwdcmVgNjKqMTg
DA:228,0,6P/tE7zlVVJ/wTquRkFOyQ
DA:229,0,2tG6Y9ALnkeQLTU2JDnrUQ
DA:236,0,MGoqwdvKM5/Q8518USkNlg
DA:237,0,3koorZl0RY2WhFluvLIj8g
DA:244,0,6FX9FtxTBjLKsG/4q1q81A
DA:245,0,2tG6Y9ALnkeQLTU2JDnrUQ
DA:256,0,mpfwhKGrnM5HbL2LlpExkg
DA:257,0,HzUp50krz5IWewqDI1HQVw
DA:258,0,PALDbffC5Nl9Ti3Z6dAThw
DA:259,0,RD6/WL9BH0MmTAVwlkrZ7w
DA:267,0,mpfwhKGrnM5HbL2LlpExkg
DA:268,0,UhKrJf7q0qbgRetR8VGY4w
DA:269,0,RD6/WL9BH0MmTAVwlkrZ7w
DA:281,0,mpfwhKGrnM5HbL2LlpExkg
DA:282,0,rHXGIbm56SHZ/WYgDl62Lw
DA:284,0,RD6/WL9BH0MmTAVwlkrZ7w
DA:292,0,mpfwhKGrnM5HbL2LlpExkg
DA:293,0,1jJblx7zWxkJvFDvh7Kk7g
DA:294,0,RD6/WL9BH0MmTAVwlkrZ7w
DA:302,0,mpfwhKGrnM5HbL2LlpExkg
DA:303,0,0r4ngbU1dLx4oHUCCPVihw
DA:311,0,siMmRZxLIXTMEsrBITDJ1w
DA:312,0,zxzOCBdxGHuU/3Z8gJjoGQ
DA:319,0,N3CdhvwSOTGYLmq/7d4zYQ
DA:320,0,2tG6Y9ALnkeQLTU2JDnrUQ
DA:327,0,GDuTAmDHv3qZF9+pNpa3IQ
DA:328,0,2tG6Y9ALnkeQLTU2JDnrUQ
DA:337,0,Mlo/wTJvvTN2S9H/FjLXbw
DA:338,0,a+V0ZTe0EwdcmVgNjKqMTg
DA:347,0,uxd/BAIySRg/KN0+WUN+ig
DA:348,0,a+V0ZTe0EwdcmVgNjKqMTg
DA:355,0,uxd/BAIySRg/KN0+WUN+ig
DA:356,0,0r4ngbU1dLx4oHUCCPVihw
DA:365,0,Ks4WylZELKlfcSMtLX6QNA
DA:366,0,a+V0ZTe0EwdcmVgNjKqMTg
DA:375,0,zZjOn/LBedM4paD3xuM9kg
DA:376,0,a+V0ZTe0EwdcmVgNjKqMTg
DA:384,0,Ks4WylZELKlfcSMtLX6QNA
DA:385,0,2tG6Y9ALnkeQLTU2JDnrUQ
DA:394,0,4Z3KBdCkXZYKDybR+yCpVg
DA:395,0,3koorZl0RY2WhFluvLIj8g
DA:403,0,zZjOn/LBedM4paD3xuM9kg
DA:404,0,0r4ngbU1dLx4oHUCCPVihw
DA:412,0,zZjOn/LBedM4paD3xuM9kg
DA:413,0,CYfNJZ6ornp8HVPtj0CnXQ
DA:414,0,3koorZl0RY2WhFluvLIj8g
DA:423,0,X6OPl2gAt6iY62ATyjun0w
DA:424,0,q3EiqnCfAnznVVtJkZD3aA
DA:432,0,G43QhuAgB/rrWWsxgNBNFA
DA:433,0,a+V0ZTe0EwdcmVgNjKqMTg
DA:444,0,D7rpL0xhQT3XDjTrFAa1JA
DA:445,0,a+V0ZTe0EwdcmVgNjKqMTg
DA:454,0,xmnj1ZE0no9W6cK2peZhSA
DA:455,0,a+V0ZTe0EwdcmVgNjKqMTg
DA:464,0,LCI1Mk5F36kdejlI/zk2Ww
DA:465,0,q3EiqnCfAnznVVtJkZD3aA
DA:474,0,Z8utoap3nOZj4Cky7ueqrA
DA:475,0,a+V0ZTe0EwdcmVgNjKqMTg
DA:484,0,Y+2AqStCiq4yY3oNd4D+dg
DA:485,0,a+V0ZTe0EwdcmVgNjKqMTg
DA:492,0,MwfHj9az3IZOA2HQAm8D7g
DA:493,0,q3EiqnCfAnznVVtJkZD3aA
DA:500,0,iyYyk3PNB49DxUHooFjKKg
DA:501,0,gHY86D1icURilPWVjqGjnQ
DA:508,0,U42pLFhAGIVGdB0NYTzYKw
DA:509,0,gHY86D1icURilPWVjqGjnQ
DA:516,0,Z8utoap3nOZj4Cky7ueqrA
DA:517,0,2tG6Y9ALnkeQLTU2JDnrUQ
DA:524,0,AIyrqHPbEsjHfsO1BaagkQ
DA:525,0,3koorZl0RY2WhFluvLIj8g
DA:532,0,Y+2AqStCiq4yY3oNd4D+dg
DA:533,0,0r4ngbU1dLx4oHUCCPVihw
DA:543,0,6F4FZyuTjZs/eTuN5/372w
DA:544,0,a+V0ZTe0EwdcmVgNjKqMTg
DA:552,0,ssd2JTIYN0vcidUFSBA4Og
DA:553,0,a+V0ZTe0EwdcmVgNjKqMTg
DA:562,0,7oQF313WQc8hrJHVFcp05w
DA:563,0,a+V0ZTe0EwdcmVgNjKqMTg
DA:572,0,Fet1ofp1PEBRqu7PUSu50A
DA:573,0,a+V0ZTe0EwdcmVgNjKqMTg
DA:582,0,+FledurbSL+W8M0QvwVbSQ
DA:583,0,2tG6Y9ALnkeQLTU2JDnrUQ
DA:592,0,M7ylaOgBeqc60Pbo9LGGkQ
DA:593,0,q3EiqnCfAnznVVtJkZD3aA
DA:602,0,yKoHiprnrIiK0B4xAfWJBQ
DA:603,0,a+V0ZTe0EwdcmVgNjKqMTg
DA:612,0,Obp/piLzGOVrp4/tvqMrsA
DA:613,0,a+V0ZTe0EwdcmVgNjKqMTg
DA:620,0,yKoHiprnrIiK0B4xAfWJBQ
DA:621,0,BUtaljGs5lP6QY+rJTgYyA
DA:628,0,Obp/piLzGOVrp4/tvqMrsA
DA:629,0,0r4ngbU1dLx4oHUCCPVihw
DA:638,0,VOu+1YSwCKbNtfWLa9SVwQ
DA:639,0,q3EiqnCfAnznVVtJkZD3aA
DA:648,0,+XLQ6jB2MaFsV+ZenbCjAw
DA:649,0,BUtaljGs5lP6QY+rJTgYyA
DA:656,0,5PFx/o54Tf9ao0q4oy9ERA
DA:657,0,q3EiqnCfAnznVVtJkZD3aA
DA:664,0,Ur1tEGH6E0HDoxCRzoDuGw
DA:665,0,2tG6Y9ALnkeQLTU2JDnrUQ
DA:672,0,HsIgVt/CDn+qVaWuDbTs8Q
DA:673,0,BUtaljGs5lP6QY+rJTgYyA
DA:680,0,H0to94JtQWa1yUZL3sYl5g
DA:681,0,q3EiqnCfAnznVVtJkZD3aA
DA:688,0,qYAXV5yizs670PsRup4GiA
DA:689,0,q3EiqnCfAnznVVtJkZD3aA
DA:698,0,I1+0W93IunVmSBI2QbCcjA
DA:699,0,q3EiqnCfAnznVVtJkZD3aA
DA:708,0,Jvt5eTFODcbDctsUybw37Q
DA:709,0,a+V0ZTe0EwdcmVgNjKqMTg
DA:719,0,qOt33hMXxnYpuY16kAxEbQ
DA:720,0,BUtaljGs5lP6QY+rJTgYyA
DA:732,0,7GLZTbzta+5v++GUdJgOgg
DA:733,0,GnGuOMC7tA4drkcpewAY6Q
DA:734,0,8vib2aCrUCNZdQ8VQMuStg
DA:735,0,WsKdQwC9FMA3p2RfT86LJg
DA:736,0,8cssoDHl4y6lMu8x+DrD5g
DA:737,0,vWR+IZLN8Zj7HYZ8aFg3fw
DA:738,0,2tG6Y9ALnkeQLTU2JDnrUQ
DA:742,0,EZn9E9A+UO2MskVz5N1MiA
DA:743,0,sbyNWQErRSIfH6LQWa3OqA
LF:267
LH:82
end_of_record
TN:
SF:tests/test_cumulus_token.py
DA:1,1,E/tvV9JPVDhEcTCkgrwOFw
DA:2,1,xq1b8Yh82kd98YYP7FyaNA
DA:3,1,LaZFUJPxafXKh0h3bOyAgw
DA:4,1,kMV1dO9hZcZ635vjFZQg5g
DA:5,1,QSrBaGujxtRFV19yo08h4g
DA:6,1,6EqVyswJtxIE+9LVqyxOlA
DA:10,1,G/GTDJA+nVLXp1X3WR2Ekg
DA:11,1,U05KcJD40JDaAwwguRLo0g
DA:12,1,yJM/HX1PJKDnVNreLhQqsw
DA:13,1,lPeT0o1gPfwsLBTIIxEoPA
DA:14,1,hjJWTDIM6lyqBL3h8nTJag
DA:15,1,7vw+agGzlVgjn/MMST7rZg
DA:16,1,JZLr/iId3Ky+9qEpEIIMpg
DA:19,1,Np/DS3Ouw1dSL1xpTAljyA
DA:20,1,t5qK5rPYdPZZeP4C+g6gjw
DA:22,1,z7y45fvBfcq03OXvO051kg
DA:23,1,XWFoNf9Sx/uMPMnBODZzTQ
DA:30,1,ozIwQpKEKEij8lB96TM1vg
DA:31,1,Tn1dnZCX6/xjdb6F+uBJ5A
DA:32,1,tetxovBNo4OKzMN/lB6bLg
DA:33,1,AewDyaRRu1ELD8zXf8aZ2w
DA:34,1,1Ma2vgeuj6DTpGIOWj6y9A
DA:35,1,CydhTSVOVuEQ9HXnUqXBsg
DA:37,1,z7y45fvBfcq03OXvO051kg
DA:38,1,Sj7amNW8QFT3iJhG0Mz/2g
DA:44,1,HqPZ0KfmY3o16/Kdt7sthA
DA:46,1,bT6CT3WPQouPdpeZssFUuA
DA:47,1,qjWU2zNJVFmGA/fVCPLB6Q
DA:51,1,SIRB77mfqIh+mrLjWglD0g
DA:55,1,LXbSmnU1wTGt50LdD75DZA
DA:56,1,24+O8Z/R4tZ/UgmQMQMkKQ
DA:58,1,YZ10Ob/JYNc5/o54KUvkvg
DA:59,1,G8xAYpxyyLYqUer+vrhqOg
DA:60,1,X+NmLmgUSD4g+aW8l3xfvw
DA:63,1,m2k1ZSB91wA5aJdAQxQhDw
DA:64,1,+uJkR9sQdNOXlrWvFOzPaw
DA:65,1,rab0BRucRDs7qYLe1xVcJQ
DA:66,1,1+14swrk95AovezK3amFQQ
DA:67,1,H8pEcDyZ+E3hjgxkI8xPiQ
DA:69,1,dAgUEqzPOpNcUc0+LbnJvQ
DA:70,1,52xvJlGp5Y0e9R0+/MVutw
DA:72,1,H8pEcDyZ+E3hjgxkI8xPiQ
DA:74,1,9QvE0x+bPF1afDoA98J7zQ
DA:75,1,Cn9dTyxH9Vyuq7XmZJpwxQ
DA:76,1,OmqgSf+NuX4HOQbrKDYSdQ
DA:78,1,ExDqjZWzZK1tTui9hluM7A
LF:46
LH:46
end_of_record
